2025-09-12 13:20:23|info|[ VIEW ] D:\project\CRMEB\crmeb\public\mobile.html [ array (
  0 => 'siteName',
  1 => 'siteUrl',
) ]
2025-09-12 13:20:23|info|[ VIEW ] D:\project\CRMEB\crmeb\public\index.html [ array (
) ]
2025-09-12 15:15:50|info|[ VIEW ] D:\project\CRMEB\crmeb\public\mobile.html [ array (
  0 => 'siteName',
  1 => 'siteUrl',
) ]
2025-09-12 15:15:50|info|[ VIEW ] D:\project\CRMEB\crmeb\public\mobile.html [ array (
  0 => 'siteName',
  1 => 'siteUrl',
) ]
2025-09-12 15:17:00|info|[ VIEW ] D:\project\CRMEB\crmeb\public\mobile.html [ array (
  0 => 'siteName',
  1 => 'siteUrl',
) ]
2025-09-12 15:17:00|info|[ VIEW ] D:\project\CRMEB\crmeb\public\mobile.html [ array (
  0 => 'siteName',
  1 => 'siteUrl',
) ]
2025-09-12 15:17:51|info|[ VIEW ] D:\project\CRMEB\crmeb\public\mobile.html [ array (
  0 => 'siteName',
  1 => 'siteUrl',
) ]
2025-09-12 15:17:51|info|[ VIEW ] D:\project\CRMEB\crmeb\public\mobile.html [ array (
  0 => 'siteName',
  1 => 'siteUrl',
) ]
2025-09-12 15:22:07|info|[ VIEW ] D:\project\CRMEB\crmeb\public\mobile.html [ array (
  0 => 'siteName',
  1 => 'siteUrl',
) ]
2025-09-12 15:22:07|info|[ VIEW ] D:\project\CRMEB\crmeb\public\mobile.html [ array (
  0 => 'siteName',
  1 => 'siteUrl',
) ]
2025-09-12 15:23:20|info|[ VIEW ] D:\project\CRMEB\crmeb\public\mobile.html [ array (
  0 => 'siteName',
  1 => 'siteUrl',
) ]
