2025-09-29 18:14:17|info|[ VIEW ] D:\project\CRMEB\crmeb\public\mobile.html [ array (
  0 => 'siteName',
  1 => 'siteUrl',
) ]
2025-09-29 18:14:17|info|[ VIEW ] D:\project\CRMEB\crmeb\public\index.html [ array (
) ]
2025-09-29 18:14:58|info|[ VIEW ] D:\project\CRMEB\crmeb\public\mobile.html [ array (
  0 => 'siteName',
  1 => 'siteUrl',
) ]
2025-09-29 18:14:58|info|[ VIEW ] D:\project\CRMEB\crmeb\public\index.html [ array (
) ]
2025-09-29 18:15:12|info|[ VIEW ] D:\project\CRMEB\crmeb\public\mobile.html [ array (
  0 => 'siteName',
  1 => 'siteUrl',
) ]
2025-09-29 18:15:12|info|[ VIEW ] D:\project\CRMEB\crmeb\public\index.html [ array (
) ]
2025-09-29 18:15:56|info|[ VIEW ] D:\project\CRMEB\crmeb\public\mobile.html [ array (
  0 => 'siteName',
  1 => 'siteUrl',
) ]
2025-09-29 18:15:57|info|[ VIEW ] D:\project\CRMEB\crmeb\public\index.html [ array (
) ]
2025-09-29 18:16:51|info|[ VIEW ] D:\project\CRMEB\crmeb\public\mobile.html [ array (
  0 => 'siteName',
  1 => 'siteUrl',
) ]
2025-09-29 18:16:52|info|[ VIEW ] D:\project\CRMEB\crmeb\public\index.html [ array (
) ]
2025-09-29 18:18:53|info|[ VIEW ] D:\project\CRMEB\crmeb\public\mobile.html [ array (
  0 => 'siteName',
  1 => 'siteUrl',
) ]
2025-09-29 18:21:14|info|[ VIEW ] D:\project\CRMEB\crmeb\public\mobile.html [ array (
  0 => 'siteName',
  1 => 'siteUrl',
) ]
2025-09-29 18:31:47|info|[ VIEW ] D:\project\CRMEB\crmeb\public\mobile.html [ array (
  0 => 'siteName',
  1 => 'siteUrl',
) ]
2025-09-29 18:31:47|info|[ VIEW ] D:\project\CRMEB\crmeb\public\index.html [ array (
) ]
2025-09-29 18:34:32|info|[ VIEW ] D:\project\CRMEB\crmeb\public\mobile.html [ array (
  0 => 'siteName',
  1 => 'siteUrl',
) ]
2025-09-29 18:34:32|info|[ VIEW ] D:\project\CRMEB\crmeb\public\index.html [ array (
) ]
2025-09-29 18:34:58|info|[ VIEW ] D:\project\CRMEB\crmeb\public\mobile.html [ array (
  0 => 'siteName',
  1 => 'siteUrl',
) ]
2025-09-29 18:34:58|info|[ VIEW ] D:\project\CRMEB\crmeb\public\index.html [ array (
) ]
2025-09-29 18:34:58|info|[ VIEW ] D:\project\CRMEB\crmeb\public\mobile.html [ array (
  0 => 'siteName',
  1 => 'siteUrl',
) ]
2025-09-29 18:34:59|info|[ VIEW ] D:\project\CRMEB\crmeb\public\index.html [ array (
) ]
2025-09-29 18:34:59|info|[ VIEW ] D:\project\CRMEB\crmeb\public\mobile.html [ array (
  0 => 'siteName',
  1 => 'siteUrl',
) ]
2025-09-29 18:34:59|info|[ VIEW ] D:\project\CRMEB\crmeb\public\index.html [ array (
) ]
2025-09-29 18:35:00|info|[ VIEW ] D:\project\CRMEB\crmeb\public\mobile.html [ array (
  0 => 'siteName',
  1 => 'siteUrl',
) ]
2025-09-29 18:35:00|info|[ VIEW ] D:\project\CRMEB\crmeb\public\index.html [ array (
) ]
2025-09-29 18:35:00|info|[ VIEW ] D:\project\CRMEB\crmeb\public\mobile.html [ array (
  0 => 'siteName',
  1 => 'siteUrl',
) ]
2025-09-29 18:35:00|info|[ VIEW ] D:\project\CRMEB\crmeb\public\index.html [ array (
) ]
2025-09-29 18:35:01|info|[ VIEW ] D:\project\CRMEB\crmeb\public\mobile.html [ array (
  0 => 'siteName',
  1 => 'siteUrl',
) ]
2025-09-29 18:35:01|info|[ VIEW ] D:\project\CRMEB\crmeb\public\index.html [ array (
) ]
2025-09-29 18:35:01|info|[ VIEW ] D:\project\CRMEB\crmeb\public\mobile.html [ array (
  0 => 'siteName',
  1 => 'siteUrl',
) ]
2025-09-29 18:35:01|info|[ VIEW ] D:\project\CRMEB\crmeb\public\index.html [ array (
) ]
2025-09-29 18:35:02|info|[ VIEW ] D:\project\CRMEB\crmeb\public\mobile.html [ array (
  0 => 'siteName',
  1 => 'siteUrl',
) ]
2025-09-29 18:35:02|info|[ VIEW ] D:\project\CRMEB\crmeb\public\index.html [ array (
) ]
2025-09-29 18:35:02|info|[ VIEW ] D:\project\CRMEB\crmeb\public\mobile.html [ array (
  0 => 'siteName',
  1 => 'siteUrl',
) ]
2025-09-29 18:35:02|info|[ VIEW ] D:\project\CRMEB\crmeb\public\index.html [ array (
) ]
2025-09-29 18:38:17|info|[ VIEW ] D:\project\CRMEB\crmeb\public\mobile.html [ array (
  0 => 'siteName',
  1 => 'siteUrl',
) ]
2025-09-29 18:38:17|info|[ VIEW ] D:\project\CRMEB\crmeb\public\index.html [ array (
) ]
