2025-09-13 17:40:31|info|[ VIEW ] D:\project\CRMEB\crmeb\public\mobile.html [ array (
  0 => 'siteName',
  1 => 'siteUrl',
) ]
2025-09-13 17:40:31|info|[ VIEW ] D:\project\CRMEB\crmeb\public\index.html [ array (
) ]
2025-09-13 19:20:11|info|[ VIEW ] D:\project\CRMEB\crmeb\public\mobile.html [ array (
  0 => 'siteName',
  1 => 'siteUrl',
) ]
2025-09-13 19:20:57|info|[ VIEW ] D:\project\CRMEB\crmeb\public\mobile.html [ array (
  0 => 'siteName',
  1 => 'siteUrl',
) ]
2025-09-13 19:20:58|info|[ VIEW ] D:\project\CRMEB\crmeb\public\index.html [ array (
) ]
2025-09-13 19:21:07|info|[ VIEW ] D:\project\CRMEB\crmeb\public\mobile.html [ array (
  0 => 'siteName',
  1 => 'siteUrl',
) ]
2025-09-13 19:22:15|info|[ VIEW ] D:\project\CRMEB\crmeb\public\index.html [ array (
) ]
2025-09-13 19:22:38|info|[ VIEW ] D:\project\CRMEB\crmeb\public\mobile.html [ array (
  0 => 'siteName',
  1 => 'siteUrl',
) ]
2025-09-13 19:22:38|info|[ VIEW ] D:\project\CRMEB\crmeb\public\index.html [ array (
) ]
2025-09-13 19:22:54|info|[ VIEW ] D:\project\CRMEB\crmeb\public\mobile.html [ array (
  0 => 'siteName',
  1 => 'siteUrl',
) ]
2025-09-13 19:22:54|info|[ VIEW ] D:\project\CRMEB\crmeb\public\index.html [ array (
) ]
2025-09-13 19:24:13|info|[ VIEW ] D:\project\CRMEB\crmeb\public\mobile.html [ array (
  0 => 'siteName',
  1 => 'siteUrl',
) ]
2025-09-13 19:27:28|info|[ VIEW ] D:\project\CRMEB\crmeb\public\mobile.html [ array (
  0 => 'siteName',
  1 => 'siteUrl',
) ]
2025-09-13 19:27:29|info|[ VIEW ] D:\project\CRMEB\crmeb\public\index.html [ array (
) ]
2025-09-13 19:28:12|info|[ VIEW ] D:\project\CRMEB\crmeb\public\mobile.html [ array (
  0 => 'siteName',
  1 => 'siteUrl',
) ]
2025-09-13 19:32:08|info|[ VIEW ] D:\project\CRMEB\crmeb\public\mobile.html [ array (
  0 => 'siteName',
  1 => 'siteUrl',
) ]
2025-09-13 19:32:08|info|[ VIEW ] D:\project\CRMEB\crmeb\public\mobile.html [ array (
  0 => 'siteName',
  1 => 'siteUrl',
) ]
2025-09-13 19:32:57|info|[ VIEW ] D:\project\CRMEB\crmeb\public\mobile.html [ array (
  0 => 'siteName',
  1 => 'siteUrl',
) ]
2025-09-13 19:35:01|info|[ VIEW ] D:\project\CRMEB\crmeb\public\admin\index.html [ array (
) ]
2025-09-13 19:35:01|info|[ VIEW ] D:\project\CRMEB\crmeb\public\mobile.html [ array (
  0 => 'siteName',
  1 => 'siteUrl',
) ]
2025-09-13 19:35:01|info|[ VIEW ] D:\project\CRMEB\crmeb\public\mobile.html [ array (
  0 => 'siteName',
  1 => 'siteUrl',
) ]
2025-09-13 19:35:02|info|[ VIEW ] D:\project\CRMEB\crmeb\public\admin\index.html [ array (
) ]
2025-09-13 19:35:05|info|[ VIEW ] D:\project\CRMEB\crmeb\public\mobile.html [ array (
  0 => 'siteName',
  1 => 'siteUrl',
) ]
2025-09-13 19:35:05|info|[ VIEW ] D:\project\CRMEB\crmeb\public\index.html [ array (
) ]
2025-09-13 19:38:07|info|[ VIEW ] D:\project\CRMEB\crmeb\public\mobile.html [ array (
  0 => 'siteName',
  1 => 'siteUrl',
) ]
2025-09-13 19:38:07|info|[ VIEW ] D:\project\CRMEB\crmeb\public\index.html [ array (
) ]
2025-09-13 19:38:24|info|[ VIEW ] D:\project\CRMEB\crmeb\public\mobile.html [ array (
  0 => 'siteName',
  1 => 'siteUrl',
) ]
2025-09-13 21:37:02|info|[ VIEW ] D:\project\CRMEB\crmeb\public\mobile.html [ array (
  0 => 'siteName',
  1 => 'siteUrl',
) ]
2025-09-13 21:37:02|info|[ VIEW ] D:\project\CRMEB\crmeb\public\mobile.html [ array (
  0 => 'siteName',
  1 => 'siteUrl',
) ]
2025-09-13 21:37:02|info|[ VIEW ] D:\project\CRMEB\crmeb\public\mobile.html [ array (
  0 => 'siteName',
  1 => 'siteUrl',
) ]
2025-09-13 21:37:02|info|[ VIEW ] D:\project\CRMEB\crmeb\public\mobile.html [ array (
  0 => 'siteName',
  1 => 'siteUrl',
) ]
2025-09-13 21:37:02|info|[ VIEW ] D:\project\CRMEB\crmeb\public\mobile.html [ array (
  0 => 'siteName',
  1 => 'siteUrl',
) ]
2025-09-13 22:31:44|info|[ VIEW ] D:\project\CRMEB\crmeb\public\mobile.html [ array (
  0 => 'siteName',
  1 => 'siteUrl',
) ]
2025-09-13 22:31:44|info|[ VIEW ] D:\project\CRMEB\crmeb\public\index.html [ array (
) ]
2025-09-13 22:32:10|info|[ VIEW ] D:\project\CRMEB\crmeb\public\mobile.html [ array (
  0 => 'siteName',
  1 => 'siteUrl',
) ]
2025-09-13 22:32:10|info|[ VIEW ] D:\project\CRMEB\crmeb\public\index.html [ array (
) ]
