2025-09-11 17:29:56|info|[ VIEW ] D:\project\CRMEB\crmeb\public\mobile.html [ array (
  0 => 'siteName',
  1 => 'siteUrl',
) ]
2025-09-11 17:29:56|info|[ VIEW ] D:\project\CRMEB\crmeb\public\index.html [ array (
) ]
2025-09-11 17:30:07|info|[ VIEW ] D:\project\CRMEB\crmeb\public\mobile.html [ array (
  0 => 'siteName',
  1 => 'siteUrl',
) ]
2025-09-11 17:30:07|info|[ VIEW ] D:\project\CRMEB\crmeb\public\index.html [ array (
) ]
2025-09-11 19:23:49|info|[ VIEW ] D:\project\CRMEB\crmeb\public\mobile.html [ array (
  0 => 'siteName',
  1 => 'siteUrl',
) ]
2025-09-11 19:23:50|info|[ VIEW ] D:\project\CRMEB\crmeb\public\index.html [ array (
) ]
2025-09-11 19:52:26|info|[ VIEW ] D:\project\CRMEB\crmeb\public\mobile.html [ array (
  0 => 'siteName',
  1 => 'siteUrl',
) ]
2025-09-11 19:52:26|info|[ VIEW ] D:\project\CRMEB\crmeb\public\index.html [ array (
) ]
2025-09-11 20:18:56|info|[ VIEW ] D:\project\CRMEB\crmeb\public\mobile.html [ array (
  0 => 'siteName',
  1 => 'siteUrl',
) ]
2025-09-11 20:58:41|info|[ VIEW ] D:\project\CRMEB\crmeb\public\mobile.html [ array (
  0 => 'siteName',
  1 => 'siteUrl',
) ]
