2025-09-19 12:13:23|info|[ VIEW ] D:\project\CRMEB\crmeb\public\mobile.html [ array (
  0 => 'siteName',
  1 => 'siteUrl',
) ]
2025-09-19 12:13:24|info|[ VIEW ] D:\project\CRMEB\crmeb\public\index.html [ array (
) ]
2025-09-19 12:45:35|info|[ VIEW ] D:\project\CRMEB\crmeb\public\mobile.html [ array (
  0 => 'siteName',
  1 => 'siteUrl',
) ]
2025-09-19 12:45:35|info|[ VIEW ] D:\project\CRMEB\crmeb\public\index.html [ array (
) ]
2025-09-19 13:11:39|info|[ VIEW ] D:\project\CRMEB\crmeb\public\mobile.html [ array (
  0 => 'siteName',
  1 => 'siteUrl',
) ]
2025-09-19 13:11:40|info|[ VIEW ] D:\project\CRMEB\crmeb\public\index.html [ array (
) ]
2025-09-19 13:12:37|info|[ VIEW ] D:\project\CRMEB\crmeb\public\mobile.html [ array (
  0 => 'siteName',
  1 => 'siteUrl',
) ]
2025-09-19 13:12:37|info|[ VIEW ] D:\project\CRMEB\crmeb\public\index.html [ array (
) ]
2025-09-19 19:35:24|info|[ VIEW ] D:\project\CRMEB\crmeb\public\mobile.html [ array (
  0 => 'siteName',
  1 => 'siteUrl',
) ]
2025-09-19 19:35:25|info|[ VIEW ] D:\project\CRMEB\crmeb\public\index.html [ array (
) ]
